<?xml version="1.0" encoding="UTF-8"?>
<!-- Generated by org.testng.reporters.JUnitReportReporter -->
<testsuite skipped="0" hostname="DESKTOP-6EN4JMV" name="mavenProject.MavenAutomation.SeleniumTest" tests="2" failures="0" timestamp="2021-09-15T20:27:25 ART" time="0.012" errors="0">
  <testcase name="elementsUI" time="0.002" classname="mavenProject.MavenAutomation.SeleniumTest"/>
  <system-out/>
  <testcase name="BrowserAutomation" time="0.010" classname="mavenProject.MavenAutomation.SeleniumTest"/>
  <system-out/>
</testsuite> <!-- mavenProject.MavenAutomation.SeleniumTest -->
