<?xml version="1.0" encoding="UTF-8"?>
<!-- Generated by org.testng.reporters.JUnitReportReporter -->
<testsuite skipped="0" hostname="DESKTOP-6EN4JMV" name="mavenProject.MavenAutomation.APITest" tests="2" failures="0" timestamp="2021-09-15T20:27:25 ART" time="0.002" errors="0">
  <testcase name="postJira" time="0.001" classname="mavenProject.MavenAutomation.APITest"/>
  <system-out/>
  <testcase name="deleteTwitter" time="0.001" classname="mavenProject.MavenAutomation.APITest"/>
  <system-out/>
</testsuite> <!-- mavenProject.MavenAutomation.APITest -->
