<?xml version="1.0" encoding="UTF-8"?>
<!-- Generated by org.testng.reporters.JUnitReportReporter -->
<testsuite skipped="0" hostname="DESKTOP-6EN4JMV" name="mavenProject.MavenAutomation.AppiumTest" tests="2" failures="0" timestamp="2021-09-15T20:27:11 ART" time="0.000" errors="0">
  <testcase name="iosApp" time="0.000" classname="mavenProject.MavenAutomation.AppiumTest"/>
  <system-out/>
  <testcase name="nativeAppAndroid" time="0.000" classname="mavenProject.MavenAutomation.AppiumTest"/>
  <system-out/>
</testsuite> <!-- mavenProject.MavenAutomation.AppiumTest -->
